2015/09/02 15:03:15 [error] [exception.CException] exception 'CException' with message 'SiteController cannot find the requested view "contact".' in /var/www/yii/framework/web/CController.php:878
Stack trace:
#0 /var/www/yii/framework/web/CController.php(782): CController->renderPartial('contact', Array, true)
#1 /var/www/ws/protected/controllers/SiteController.php(72): CController->render('contact', Array)
#2 /var/www/yii/framework/web/actions/CInlineAction.php(49): SiteController->actionContact()
#3 /var/www/yii/framework/web/CController.php(308): CInlineAction->runWithParams(Array)
#4 /var/www/yii/framework/web/CController.php(286): CController->runAction(Object(CInlineAction))
#5 /var/www/yii/framework/web/CController.php(265): CController->runActionWithFilters(Object(CInlineAction), Array)
#6 /var/www/yii/framework/web/CWebApplication.php(282): CController->run('contact')
#7 /var/www/yii/framework/web/CWebApplication.php(141): CWebApplication->runController('site/contact')
#8 /var/www/yii/framework/base/CApplication.php(184): CWebApplication->processRequest()
#9 /var/www/ws/index.php(13): CApplication->run()
#10 {main}
REQUEST_URI=/index.php?r=site/contact
HTTP_REFERER=http://ws/index.php?r=site/page&view=about
---
2015/09/02 15:05:28 [error] [exception.CHttpException.404] exception 'CHttpException' with message 'The requested view "about" was not found.' in /var/www/yii/framework/web/actions/CViewAction.php:112
Stack trace:
#0 /var/www/yii/framework/web/actions/CViewAction.php(123): CViewAction->resolveView('about')
#1 /var/www/yii/framework/web/actions/CAction.php(76): CViewAction->run()
#2 /var/www/yii/framework/web/CController.php(308): CAction->runWithParams(Array)
#3 /var/www/yii/framework/web/CController.php(286): CController->runAction(Object(CViewAction))
#4 /var/www/yii/framework/web/CController.php(265): CController->runActionWithFilters(Object(CViewAction), Array)
#5 /var/www/yii/framework/web/CWebApplication.php(282): CController->run('page')
#6 /var/www/yii/framework/web/CWebApplication.php(141): CWebApplication->runController('site/page')
#7 /var/www/yii/framework/base/CApplication.php(184): CWebApplication->processRequest()
#8 /var/www/ws/index.php(13): CApplication->run()
#9 {main}
REQUEST_URI=/index.php?r=site/page&view=about
HTTP_REFERER=http://ws/index.php?r=site/login
---
2015/09/02 15:05:30 [error] [exception.CException] exception 'CException' with message 'SiteController cannot find the requested view "login".' in /var/www/yii/framework/web/CController.php:878
Stack trace:
#0 /var/www/yii/framework/web/CController.php(782): CController->renderPartial('login', Array, true)
#1 /var/www/ws/protected/controllers/SiteController.php(98): CController->render('login', Array)
#2 /var/www/yii/framework/web/actions/CInlineAction.php(49): SiteController->actionLogin()
#3 /var/www/yii/framework/web/CController.php(308): CInlineAction->runWithParams(Array)
#4 /var/www/yii/framework/web/CController.php(286): CController->runAction(Object(CInlineAction))
#5 /var/www/yii/framework/web/CController.php(265): CController->runActionWithFilters(Object(CInlineAction), Array)
#6 /var/www/yii/framework/web/CWebApplication.php(282): CController->run('login')
#7 /var/www/yii/framework/web/CWebApplication.php(141): CWebApplication->runController('site/login')
#8 /var/www/yii/framework/base/CApplication.php(184): CWebApplication->processRequest()
#9 /var/www/ws/index.php(13): CApplication->run()
#10 {main}
REQUEST_URI=/index.php?r=site/login
HTTP_REFERER=http://ws/index.php?r=site/contact
---
